TN:
SF:src/ejercicio-1.ts
FN:33,(anonymous_0)
FN:45,(anonymous_1)
FN:54,(anonymous_2)
FN:63,(anonymous_3)
FN:72,(anonymous_4)
FN:81,(anonymous_5)
FN:90,(anonymous_6)
FN:99,(anonymous_7)
FN:108,(anonymous_8)
FN:128,(anonymous_9)
FN:155,(anonymous_10)
FN:162,(anonymous_11)
FN:166,(anonymous_12)
FN:173,(anonymous_13)
FN:180,(anonymous_14)
FN:188,(anonymous_15)
FN:197,(anonymous_16)
FN:206,(anonymous_17)
FN:215,(anonymous_18)
FN:224,(anonymous_19)
FNF:20
FNH:18
FNDA:13,(anonymous_0)
FNDA:4,(anonymous_1)
FNDA:6,(anonymous_2)
FNDA:3,(anonymous_3)
FNDA:3,(anonymous_4)
FNDA:1,(anonymous_5)
FNDA:1,(anonymous_6)
FNDA:1,(anonymous_7)
FNDA:1,(anonymous_8)
FNDA:14,(anonymous_9)
FNDA:4,(anonymous_10)
FNDA:5,(anonymous_11)
FNDA:3,(anonymous_12)
FNDA:2,(anonymous_13)
FNDA:2,(anonymous_14)
FNDA:1,(anonymous_15)
FNDA:1,(anonymous_16)
FNDA:1,(anonymous_17)
FNDA:0,(anonymous_18)
FNDA:0,(anonymous_19)
DA:13,1
DA:24,1
DA:34,13
DA:35,1
DA:37,12
DA:46,4
DA:55,6
DA:64,3
DA:73,3
DA:82,1
DA:91,1
DA:100,1
DA:109,1
DA:124,1
DA:129,14
DA:131,3
DA:132,3
DA:134,6
DA:135,6
DA:137,2
DA:138,2
DA:140,1
DA:141,1
DA:143,1
DA:144,1
DA:146,1
DA:149,13
DA:156,4
DA:163,5
DA:167,3
DA:174,2
DA:181,2
DA:189,1
DA:190,1
DA:198,1
DA:199,1
DA:207,1
DA:208,1
DA:216,0
DA:217,0
DA:225,0
DA:226,0
LF:42
LH:38
BRDA:34,0,0,1
BRDA:34,0,1,12
BRDA:129,1,0,3
BRDA:129,1,1,6
BRDA:129,1,2,2
BRDA:129,1,3,1
BRDA:129,1,4,1
BRDA:129,1,5,1
BRF:8
BRH:8
end_of_record
